This is TeX, Version 3.14159 (MiKTeX 2.1) (preloaded format=latex 2000.11.28)  9 JUL 2002 17:14
**inductor_spice.tex
(inductor_spice.tex
LaTeX2e <2001/06/01>
Babel <v3.7h> and hyphenation patterns for english, french, german, ngerman, du
mylang, nohyphenation, loaded.
(C:\texmf\tex\latex\base\article.cls
Document Class: article 2001/04/21 v1.4e Standard LaTeX document class
(C:\texmf\tex\latex\base\size10.clo
File: size10.clo 2001/04/21 v1.4e Standard LaTeX file (size option)
)
\c@part=\count79
\c@section=\count80
\c@subsection=\count81
\c@subsubsection=\count82
\c@paragraph=\count83
\c@subparagraph=\count84
\c@figure=\count85
\c@table=\count86
\abovecaptionskip=\skip41
\belowcaptionskip=\skip42
\bibindent=\dimen102
) (C:\texmf\tex\generic\dvips\epsf.sty
This is `epsf.tex' v2.7 <25 October 1996>
\epsffilein=\read1
\epsfframemargin=\dimen103
\epsfframethickness=\dimen104
\epsfrsize=\dimen105
\epsftmp=\dimen106
\epsftsize=\dimen107
\epsfxsize=\dimen108
\epsfysize=\dimen109
\pspoints=\dimen110
) (inductor_spice.aux)
LaTeX Font Info:    Checking defaults for OML/cmm/m/it on input line 11.
LaTeX Font Info:    ... okay on input line 11.
LaTeX Font Info:    Checking defaults for T1/cmr/m/n on input line 11.
LaTeX Font Info:    ... okay on input line 11.
LaTeX Font Info:    Checking defaults for OT1/cmr/m/n on input line 11.
LaTeX Font Info:    ... okay on input line 11.
LaTeX Font Info:    Checking defaults for OMS/cmsy/m/n on input line 11.
LaTeX Font Info:    ... okay on input line 11.
LaTeX Font Info:    Checking defaults for OMX/cmex/m/n on input line 11.
LaTeX Font Info:    ... okay on input line 11.
LaTeX Font Info:    Checking defaults for U/cmr/m/n on input line 11.
LaTeX Font Info:    ... okay on input line 11.
LaTeX Font Info:    External font `cmex10' loaded for size
(Font)              <7> on input line 30.
LaTeX Font Info:    External font `cmex10' loaded for size
(Font)              <5> on input line 30.

Overfull \hbox (1.72092pt too wide) in paragraph at lines 12--53
[]\OT1/cmr/bx/n/17.28 Inductor   \OT1/cmr/bx/n/24.88 L 
 []


Overfull \hbox (27.51501pt too wide) in paragraph at lines 12--53
| 
 []


Overfull \hbox (27.51501pt too wide) in paragraph at lines 12--53
| 
 []


Underfull \hbox (badness 10000) in paragraph at lines 12--53

 []


Overfull \hbox (5.6056pt too wide) in paragraph at lines 12--53
[] 
 []


Underfull \hbox (badness 10000) in paragraph at lines 12--53

 []


Overfull \hbox (27.51501pt too wide) in paragraph at lines 55--93
| 
 []


Overfull \hbox (27.51501pt too wide) in paragraph at lines 55--93
| 
 []


Overfull \hbox (27.51501pt too wide) in paragraph at lines 55--93
| 
 []

[1

] (inductor_spice.aux) )
Output written on inductor_spice.dvi (1 page, 3040 bytes).
