This is pdfeTeX, Version 3.141592-1.30.6-2.2 (MiKTeX 2.5) (preloaded format=latex 2006.11.28)  25 JUL 2007 13:06
entering extended mode
**freeda_programmers.tex
(freeda_programmers.tex
LaTeX2e <2005/12/01>
Babel <v3.8g> and hyphenation patterns for english, dumylang, nohyphenation, ge
rman, ngerman, french, loaded.
("C:\Program Files\MiKTeX 2.5\tex\latex\base\book.cls"
Document Class: book 2005/09/16 v1.4f Standard LaTeX document class
("C:\Program Files\MiKTeX 2.5\tex\latex\base\bk10.clo"
File: bk10.clo 2005/09/16 v1.4f Standard LaTeX file (size option)
)
\c@part=\count79
\c@chapter=\count80
\c@section=\count81
\c@subsection=\count82
\c@subsubsection=\count83
\c@paragraph=\count84
\c@subparagraph=\count85
\c@figure=\count86
\c@table=\count87
\abovecaptionskip=\skip41
\belowcaptionskip=\skip42
\bibindent=\dimen102
)
("C:\Program Files\MiKTeX 2.5\tex\latex\epsf\epsf.sty"
This is `epsf.tex' v2.7.3 <23 July 2005>
\epsffilein=\read1
\epsfframemargin=\dimen103
\epsfframethickness=\dimen104
\epsfrsize=\dimen105
\epsftmp=\dimen106
\epsftsize=\dimen107
\epsfxsize=\dimen108
\epsfysize=\dimen109
\pspoints=\dimen110
) ("C:\Program Files\MiKTeX 2.5\tex\latex\latex2html\html.sty"
("C:\Program Files\MiKTeX 2.5\tex\latex\hyperref\hyperref.sty"
Package: hyperref 2006/09/06 v6.75e Hypertext links for LaTeX

("C:\Program Files\MiKTeX 2.5\tex\latex\graphics\keyval.sty"
Package: keyval 1999/03/16 v1.13 key=value parser (DPC)
\KV@toks@=\toks14
)
\@linkdim=\dimen111
\Hy@linkcounter=\count88
\Hy@pagecounter=\count89

("C:\Program Files\MiKTeX 2.5\tex\latex\hyperref\pd1enc.def"
File: pd1enc.def 2006/09/06 v6.75e Hyperref: PDFDocEncoding definition (HO)
)
("C:\Program Files\MiKTeX 2.5\tex\latex\00miktex\hyperref.cfg"
File: hyperref.cfg 2006/02/14 v1.1 MiKTeX 'hyperref' configuration
)
("C:\Program Files\MiKTeX 2.5\tex\latex\oberdiek\kvoptions.sty"
Package: kvoptions 2006/08/22 v2.4 Connects package keyval with LaTeX options (
HO)
)
Package hyperref Info: Hyper figures OFF on input line 2123.
Package hyperref Info: Link nesting OFF on input line 2128.
Package hyperref Info: Hyper index ON on input line 2131.
Package hyperref Info: Plain pages OFF on input line 2138.
Package hyperref Info: Backreferencing OFF on input line 2143.

Implicit mode ON; LaTeX internals redefined
Package hyperref Info: Bookmarks ON on input line 2273.
("C:\Program Files\MiKTeX 2.5\tex\latex\ltxmisc\url.sty"
\Urlmuskip=\muskip10
Package: url 2005/06/27  ver 3.2  Verb mode for urls, etc.
)
LaTeX Info: Redefining \url on input line 2428.
\Fld@menulength=\count90
\Field@Width=\dimen112
\Fld@charsize=\dimen113
\Choice@toks=\toks15
\Field@toks=\toks16
Package hyperref Info: Hyper figures OFF on input line 2906.
Package hyperref Info: Link nesting OFF on input line 2911.
Package hyperref Info: Hyper index ON on input line 2914.
Package hyperref Info: backreferencing OFF on input line 2921.
Package hyperref Info: Link coloring OFF on input line 2926.
\Hy@abspage=\count91
\c@Item=\count92
\c@Hfootnote=\count93
)
*hyperref using default driver hdvips*
("C:\Program Files\MiKTeX 2.5\tex\latex\hyperref\hdvips.def"
File: hdvips.def 2006/09/06 v6.75e Hyperref driver for dvips

("C:\Program Files\MiKTeX 2.5\tex\latex\hyperref\pdfmark.def"
File: pdfmark.def 2006/09/06 v6.75e Hyperref definitions for pdfmark specials
\pdf@docset=\toks17
\pdf@box=\box26
\pdf@toks=\toks18
\pdf@defaulttoks=\toks19
\Fld@listcount=\count94
))
Package: html 1999/07/19 v1.38 hypertext commands for latex2html (nd, hws, rrm)

\c@lpart=\count95
\c@lchapter=\count96
\c@lsection=\count97
\c@lsubsection=\count98
\c@lsubsubsection=\count99
\c@lparagraph=\count100
\c@lsubparagraph=\count101
\c@lsubsubparagraph=\count102
\ptrfile=\write3
)
("C:\Program Files\MiKTeX 2.5\tex\latex\cite\cite.sty"
LaTeX Info: Redefining \cite on input line 149.
LaTeX Info: Redefining \nocite on input line 214.
Package: cite 2003/11/04  v 4.01
) (lgrind.sty
Package: lgrind 2002/01/28 v3.67 LGrind environment and supporting stuff
\lc@unt=\count103
\ln@xt=\count104
\LGnuminterval=\count105
\LGindent=\skip43
\LGsloppy=\skip44
\procbox=\box27
\ls@far=\box28
\tb@x=\box29
\TBw@d=\dimen114
\@ts=\dimen115
)
("C:\Program Files\MiKTeX 2.5\tex\latex\listings\listings.sty"
\lst@mode=\count106
\lst@gtempboxa=\box30
\lst@token=\toks20
\lst@length=\count107
\lst@currlwidth=\dimen116
\lst@column=\count108
\lst@pos=\count109
\lst@lostspace=\dimen117
\lst@width=\dimen118
\lst@newlines=\count110
\lst@lineno=\count111
\c@lstlisting=\count112
\lst@maxwidth=\dimen119

("C:\Program Files\MiKTeX 2.5\tex\latex\listings\lstpatch.sty"
File: lstpatch.sty 2004/10/17 1.3b (Carsten Heinz)
)
("C:\Program Files\MiKTeX 2.5\tex\latex\listings\lstmisc.sty"
File: lstmisc.sty 2004/09/07 1.3 (Carsten Heinz)
\c@lstnumber=\count113
\lst@skipnumbers=\count114
\lst@framebox=\box31
)
("C:\Program Files\MiKTeX 2.5\tex\latex\listings\listings.cfg"
File: listings.cfg 2004/09/05 1.3 listings configuration
))
Package: listings 2004/10/17 1.3b (Carsten Heinz)

("C:\Program Files\MiKTeX 2.5\tex\latex\listings\lstlang1.sty"
File: lstlang1.sty 2004/09/05 1.3 listings language file
)
("C:\Program Files\MiKTeX 2.5\tex\latex\listings\lstlang1.sty"
File: lstlang1.sty 2004/09/05 1.3 listings language file
)
("C:\Program Files\MiKTeX 2.5\tex\latex\listings\lstlang1.sty"
File: lstlang1.sty 2004/09/05 1.3 listings language file
)
("C:\Program Files\MiKTeX 2.5\tex\latex\listings\lstmisc.sty"
File: lstmisc.sty 2004/09/07 1.3 (Carsten Heinz)
) (freeda.sty
("C:\Program Files\MiKTeX 2.5\tex\generic\epsf\epsf.tex"
This is `epsf.tex' v2.7.3 <23 July 2005>
\epsffilein=\read2
\epsfframemargin=\dimen120
\epsfframethickness=\dimen121
\epsfrsize=\dimen122
\epsftmp=\dimen123
\epsftsize=\dimen124
\epsfxsize=\dimen125
\epsfysize=\dimen126
\pspoints=\dimen127
)
\c@count=\count115
\c@excount=\count116
\c@dummy=\count117
) (freeda_programmers.aux (begin_programmer.aux) (oosimfreeda.aux)
(linear_tutorial.aux) (nonlinear_tutorial.aux) (oobasics.aux) (relnotes.aux)
(support_libraries.aux) (resistort.aux) (bib.aux))
LaTeX Font Info:    Checking defaults for OML/cmm/m/it on input line 44.
LaTeX Font Info:    ... okay on input line 44.
LaTeX Font Info:    Checking defaults for T1/cmr/m/n on input line 44.
LaTeX Font Info:    ... okay on input line 44.
LaTeX Font Info:    Checking defaults for OT1/cmr/m/n on input line 44.
LaTeX Font Info:    ... okay on input line 44.
LaTeX Font Info:    Checking defaults for OMS/cmsy/m/n on input line 44.
LaTeX Font Info:    ... okay on input line 44.
LaTeX Font Info:    Checking defaults for OMX/cmex/m/n on input line 44.
LaTeX Font Info:    ... okay on input line 44.
LaTeX Font Info:    Checking defaults for U/cmr/m/n on input line 44.
LaTeX Font Info:    ... okay on input line 44.
LaTeX Font Info:    Checking defaults for PD1/pdf/m/n on input line 44.
LaTeX Font Info:    ... okay on input line 44.
Package hyperref Info: Link coloring OFF on input line 44.

("C:\Program Files\MiKTeX 2.5\tex\latex\hyperref\nameref.sty"
Package: nameref 2006/08/15 v2.26 Cross-referencing by name of section

("C:\Program Files\MiKTeX 2.5\tex\latex\oberdiek\refcount.sty"
Package: refcount 2006/02/20 v3.0 Data extraction from references (HO)
)
\c@section@level=\count118
)
LaTeX Info: Redefining \ref on input line 44.
LaTeX Info: Redefining \pageref on input line 44.

(freeda_programmers.out) (freeda_programmers.out)
\@outlinefile=\write4
 (begin_programmer.tex
LaTeX Font Info:    External font `cmex10' loaded for size
(Font)              <24.88> on input line 6.
LaTeX Font Info:    External font `cmex10' loaded for size
(Font)              <20.74> on input line 6.
LaTeX Font Info:    External font `cmex10' loaded for size
(Font)              <17.28> on input line 6.
LaTeX Font Info:    External font `cmex10' loaded for size
(Font)              <5> on input line 6.

[1



]
LaTeX Font Info:    Try loading font information for OMS+cmr on input line 23.
 ("C:\Program Files\MiKTeX 2.5\tex\latex\base\omscmr.fd"
File: omscmr.fd 1999/05/25 v2.5h Standard LaTeX font definitions
)
LaTeX Font Info:    Font shape `OMS/cmr/m/n' in size <10> not available
(Font)              Font shape `OMS/cmsy/m/n' tried instead on input line 23.

Underfull \hbox (badness 10000) in paragraph at lines 24--32

 []

LaTeX Font Info:    External font `cmex10' loaded for size
(Font)              <7> on input line 41.
[2] (freeda_programmers.toc

LaTeX Font Warning: Font shape `OT1/cmss/bx/sl' undefined
(Font)              using `OT1/cmss/bx/n' instead on input line 1.

[3

])
\tf@toc=\write5
) [4] (oosimfreeda.tex
Chapter 1.

Package hyperref Warning: Token not allowed in a PDFDocEncoded string,
(hyperref)                removing `\mathsurround' on input line 2.


Package hyperref Warning: Token not allowed in a PDFDocEncoded string,
(hyperref)                removing `\z@' on input line 2.


Package hyperref Warning: Token not allowed in a PDFDocEncoded string,
(hyperref)                removing `math shift' on input line 2.


Package hyperref Warning: Token not allowed in a PDFDocEncoded string,
(hyperref)                removing `superscript' on input line 2.


Package hyperref Warning: Token not allowed in a PDFDocEncoded string,
(hyperref)                removing `\afterassignment' on input line 2.


Package hyperref Warning: Token not allowed in a PDFDocEncoded string,
(hyperref)                removing `\<def>-command' on input line 2.


Package hyperref Warning: Token not allowed in a PDFDocEncoded string,
(hyperref)                removing `\f@size' on input line 2.


Package hyperref Warning: Token not allowed in a PDFDocEncoded string,
(hyperref)                removing `\afterassignment' on input line 2.


Package hyperref Warning: Token not allowed in a PDFDocEncoded string,
(hyperref)                removing `\<def>-command' on input line 2.


Package hyperref Warning: Token not allowed in a PDFDocEncoded string,
(hyperref)                removing `\f@baselineskip' on input line 2.


Package hyperref Warning: Token not allowed in a PDFDocEncoded string,
(hyperref)                removing `\<def>-command' on input line 2.


Package hyperref Warning: Token not allowed in a PDFDocEncoded string,
(hyperref)                removing `\f@linespread' on input line 2.


Package hyperref Warning: Token not allowed in a PDFDocEncoded string,
(hyperref)                removing `\<let>-command' on input line 2.


Package hyperref Warning: Token not allowed in a PDFDocEncoded string,
(hyperref)                removing `\baselinestretch' on input line 2.


Package hyperref Warning: Token not allowed in a PDFDocEncoded string,
(hyperref)                removing `\<def>-command' on input line 2.


Package hyperref Warning: Token not allowed in a PDFDocEncoded string,
(hyperref)                removing `\<def>-command' on input line 2.


Package hyperref Warning: Token not allowed in a PDFDocEncoded string,
(hyperref)                removing `\font@name' on input line 2.


Package hyperref Warning: Token not allowed in a PDFDocEncoded string,
(hyperref)                removing `\OT1/cmr/m/sl/10' on input line 2.


Package hyperref Warning: Token not allowed in a PDFDocEncoded string,
(hyperref)                removing `math shift' on input line 2.

LaTeX Font Info:    External font `cmex10' loaded for size
(Font)              <8> on input line 9.
LaTeX Font Info:    External font `cmex10' loaded for size
(Font)              <6> on input line 9.
[1



]
(network_package.eps
)
(netlistitemclass.eps
)
[2]
(elementclass.eps
)
[3]
(circuitclass.eps
)
(xsubcktclass.eps
)
(analysis_package.eps
)

Underfull \vbox (badness 10000) has occurred while \output is active []

 [4]
[5]
(depinversion.eps
)
[6]
(adolcelement.eps
)

LaTeX Warning: Reference `review:rizzoli' on page 7 undefined on input line 333
.

[7] [8]
Overfull \hbox (28.29391pt too wide) in paragraph at lines 418--419
\OT1/cmr/m/n/10 rec-tory freeda-version/doc . El-e-ment (in .../doc/fr[]element
s.html ) and Anal-y-sis (in .../doc/fr[]analysis.html
 []


Overfull \hbox (73.51173pt too wide) in paragraph at lines 447--448
[]\OT1/cmr/m/n/10 This gen-er-ates the anal-y-sis cat-a-log and puts it in the 
file fr[]analysis.html in the di-rec-tory \OT1/cmtt/m/n/10 $ENV[]FREEDA[]DOCUME
NTATION
 []

[9]) [10] (linear_tutorial.tex
Chapter 2.

Package hyperref Warning: Token not allowed in a PDFDocEncoded string,
(hyperref)                removing `\mathsurround' on input line 20.


Package hyperref Warning: Token not allowed in a PDFDocEncoded string,
(hyperref)                removing `\z@' on input line 20.


Package hyperref Warning: Token not allowed in a PDFDocEncoded string,
(hyperref)                removing `math shift' on input line 20.


Package hyperref Warning: Token not allowed in a PDFDocEncoded string,
(hyperref)                removing `superscript' on input line 20.


Package hyperref Warning: Token not allowed in a PDFDocEncoded string,
(hyperref)                removing `\afterassignment' on input line 20.


Package hyperref Warning: Token not allowed in a PDFDocEncoded string,
(hyperref)                removing `\<def>-command' on input line 20.


Package hyperref Warning: Token not allowed in a PDFDocEncoded string,
(hyperref)                removing `\f@size' on input line 20.


Package hyperref Warning: Token not allowed in a PDFDocEncoded string,
(hyperref)                removing `\afterassignment' on input line 20.


Package hyperref Warning: Token not allowed in a PDFDocEncoded string,
(hyperref)                removing `\<def>-command' on input line 20.


Package hyperref Warning: Token not allowed in a PDFDocEncoded string,
(hyperref)                removing `\f@baselineskip' on input line 20.


Package hyperref Warning: Token not allowed in a PDFDocEncoded string,
(hyperref)                removing `\<def>-command' on input line 20.


Package hyperref Warning: Token not allowed in a PDFDocEncoded string,
(hyperref)                removing `\f@linespread' on input line 20.


Package hyperref Warning: Token not allowed in a PDFDocEncoded string,
(hyperref)                removing `\<let>-command' on input line 20.


Package hyperref Warning: Token not allowed in a PDFDocEncoded string,
(hyperref)                removing `\baselinestretch' on input line 20.


Package hyperref Warning: Token not allowed in a PDFDocEncoded string,
(hyperref)                removing `\<def>-command' on input line 20.


Package hyperref Warning: Token not allowed in a PDFDocEncoded string,
(hyperref)                removing `\<def>-command' on input line 20.


Package hyperref Warning: Token not allowed in a PDFDocEncoded string,
(hyperref)                removing `\font@name' on input line 20.


Package hyperref Warning: Token not allowed in a PDFDocEncoded string,
(hyperref)                removing `\OMX/cmex/m/n/5' on input line 20.


Package hyperref Warning: Token not allowed in a PDFDocEncoded string,
(hyperref)                removing `math shift' on input line 20.

LaTeX Font Info:    External font `cmex10' loaded for size
(Font)              <14.4> on input line 25.

Package hyperref Warning: Token not allowed in a PDFDocEncoded string,
(hyperref)                removing `\mathsurround' on input line 25.


Package hyperref Warning: Token not allowed in a PDFDocEncoded string,
(hyperref)                removing `\z@' on input line 25.


Package hyperref Warning: Token not allowed in a PDFDocEncoded string,
(hyperref)                removing `math shift' on input line 25.


Package hyperref Warning: Token not allowed in a PDFDocEncoded string,
(hyperref)                removing `superscript' on input line 25.


Package hyperref Warning: Token not allowed in a PDFDocEncoded string,
(hyperref)                removing `\afterassignment' on input line 25.


Package hyperref Warning: Token not allowed in a PDFDocEncoded string,
(hyperref)                removing `\<def>-command' on input line 25.


Package hyperref Warning: Token not allowed in a PDFDocEncoded string,
(hyperref)                removing `\f@size' on input line 25.


Package hyperref Warning: Token not allowed in a PDFDocEncoded string,
(hyperref)                removing `\afterassignment' on input line 25.


Package hyperref Warning: Token not allowed in a PDFDocEncoded string,
(hyperref)                removing `\<def>-command' on input line 25.


Package hyperref Warning: Token not allowed in a PDFDocEncoded string,
(hyperref)                removing `\f@baselineskip' on input line 25.


Package hyperref Warning: Token not allowed in a PDFDocEncoded string,
(hyperref)                removing `\<def>-command' on input line 25.


Package hyperref Warning: Token not allowed in a PDFDocEncoded string,
(hyperref)                removing `\f@linespread' on input line 25.


Package hyperref Warning: Token not allowed in a PDFDocEncoded string,
(hyperref)                removing `\<let>-command' on input line 25.


Package hyperref Warning: Token not allowed in a PDFDocEncoded string,
(hyperref)                removing `\baselinestretch' on input line 25.


Package hyperref Warning: Token not allowed in a PDFDocEncoded string,
(hyperref)                removing `\<def>-command' on input line 25.


Package hyperref Warning: Token not allowed in a PDFDocEncoded string,
(hyperref)                removing `\<def>-command' on input line 25.


Package hyperref Warning: Token not allowed in a PDFDocEncoded string,
(hyperref)                removing `\font@name' on input line 25.


Package hyperref Warning: Token not allowed in a PDFDocEncoded string,
(hyperref)                removing `\OMX/cmex/m/n/7' on input line 25.


Package hyperref Warning: Token not allowed in a PDFDocEncoded string,
(hyperref)                removing `math shift' on input line 25.


Overfull \hbox (15.7737pt too wide) in paragraph at lines 63--69
\OT1/cmr/m/n/10 syn-tax but this is also sup-ported but is less gen-eral in tha
t the gram-mar of the stan-dard \OT1/cmss/m/sl/10 f\OT1/cmss/m/n/10 REEDA$[]$\O
T1/cmr/m/n/10 netlist
 []


Underfull \hbox (badness 10000) in paragraph at lines 70--71

 []


Underfull \hbox (badness 10000) in paragraph at lines 72--83

 []


Underfull \hbox (badness 10000) in paragraph at lines 72--83

 []

[11



]
LaTeX Font Info:    External font `cmex10' loaded for size
(Font)              <9> on input line 109.
LaTeX Font Info:    Font shape `OT1/cmtt/bx/n' in size <9> not available
(Font)              Font shape `OT1/cmtt/m/n' tried instead on input line 123.
LaTeX Font Info:    Try loading font information for OMS+cmss on input line 126
.
LaTeX Font Info:    No file OMScmss.fd. on input line 126.


LaTeX Font Warning: Font shape `OMS/cmss/m/n' undefined
(Font)              using `OMS/cmsy/m/n' instead
(Font)              for symbol `textbraceleft' on input line 126.

[12] [13] [14]
Overfull \hbox (54.24303pt too wide) detected at line 367
 [] []
 []


Overfull \hbox (54.24303pt too wide) detected at line 369
 [] []
 []

[15]
Overfull \hbox (54.24303pt too wide) detected at line 388
 [] []
 []


Overfull \hbox (54.24303pt too wide) detected at line 390
 [] []
 []


Overfull \hbox (54.24303pt too wide) detected at line 431
 [] []
 []


Overfull \hbox (54.24303pt too wide) detected at line 433
 [] []
 []

[16]
Overfull \hbox (54.24303pt too wide) detected at line 471
 [] []
 []


Overfull \hbox (54.24303pt too wide) detected at line 473
 [] []
 []

LaTeX Font Info:    External font `cmex10' loaded for size
(Font)              <12> on input line 496.

Package hyperref Warning: Token not allowed in a PDFDocEncoded string,
(hyperref)                removing `\mathsurround' on input line 496.


Package hyperref Warning: Token not allowed in a PDFDocEncoded string,
(hyperref)                removing `\z@' on input line 496.


Package hyperref Warning: Token not allowed in a PDFDocEncoded string,
(hyperref)                removing `math shift' on input line 496.


Package hyperref Warning: Token not allowed in a PDFDocEncoded string,
(hyperref)                removing `superscript' on input line 496.


Package hyperref Warning: Token not allowed in a PDFDocEncoded string,
(hyperref)                removing `\afterassignment' on input line 496.


Package hyperref Warning: Token not allowed in a PDFDocEncoded string,
(hyperref)                removing `\<def>-command' on input line 496.


Package hyperref Warning: Token not allowed in a PDFDocEncoded string,
(hyperref)                removing `\f@size' on input line 496.


Package hyperref Warning: Token not allowed in a PDFDocEncoded string,
(hyperref)                removing `\afterassignment' on input line 496.


Package hyperref Warning: Token not allowed in a PDFDocEncoded string,
(hyperref)                removing `\<def>-command' on input line 496.


Package hyperref Warning: Token not allowed in a PDFDocEncoded string,
(hyperref)                removing `\f@baselineskip' on input line 496.


Package hyperref Warning: Token not allowed in a PDFDocEncoded string,
(hyperref)                removing `\<def>-command' on input line 496.


Package hyperref Warning: Token not allowed in a PDFDocEncoded string,
(hyperref)                removing `\f@linespread' on input line 496.


Package hyperref Warning: Token not allowed in a PDFDocEncoded string,
(hyperref)                removing `\<let>-command' on input line 496.


Package hyperref Warning: Token not allowed in a PDFDocEncoded string,
(hyperref)                removing `\baselinestretch' on input line 496.


Package hyperref Warning: Token not allowed in a PDFDocEncoded string,
(hyperref)                removing `\<def>-command' on input line 496.


Package hyperref Warning: Token not allowed in a PDFDocEncoded string,
(hyperref)                removing `\<def>-command' on input line 496.


Package hyperref Warning: Token not allowed in a PDFDocEncoded string,
(hyperref)                removing `\font@name' on input line 496.


Package hyperref Warning: Token not allowed in a PDFDocEncoded string,
(hyperref)                removing `\OT1/cmtt/m/n/6' on input line 496.


Package hyperref Warning: Token not allowed in a PDFDocEncoded string,
(hyperref)                removing `math shift' on input line 496.

[17] [18]) [19] (nonlinear_tutorial.tex [20



]
Chapter 3.

Package hyperref Warning: Token not allowed in a PDFDocEncoded string,
(hyperref)                removing `\mathsurround' on input line 38.


Package hyperref Warning: Token not allowed in a PDFDocEncoded string,
(hyperref)                removing `\z@' on input line 38.


Package hyperref Warning: Token not allowed in a PDFDocEncoded string,
(hyperref)                removing `math shift' on input line 38.


Package hyperref Warning: Token not allowed in a PDFDocEncoded string,
(hyperref)                removing `superscript' on input line 38.


Package hyperref Warning: Token not allowed in a PDFDocEncoded string,
(hyperref)                removing `\afterassignment' on input line 38.


Package hyperref Warning: Token not allowed in a PDFDocEncoded string,
(hyperref)                removing `\<def>-command' on input line 38.


Package hyperref Warning: Token not allowed in a PDFDocEncoded string,
(hyperref)                removing `\f@size' on input line 38.


Package hyperref Warning: Token not allowed in a PDFDocEncoded string,
(hyperref)                removing `\afterassignment' on input line 38.


Package hyperref Warning: Token not allowed in a PDFDocEncoded string,
(hyperref)                removing `\<def>-command' on input line 38.


Package hyperref Warning: Token not allowed in a PDFDocEncoded string,
(hyperref)                removing `\f@baselineskip' on input line 38.


Package hyperref Warning: Token not allowed in a PDFDocEncoded string,
(hyperref)                removing `\<def>-command' on input line 38.


Package hyperref Warning: Token not allowed in a PDFDocEncoded string,
(hyperref)                removing `\f@linespread' on input line 38.


Package hyperref Warning: Token not allowed in a PDFDocEncoded string,
(hyperref)                removing `\<let>-command' on input line 38.


Package hyperref Warning: Token not allowed in a PDFDocEncoded string,
(hyperref)                removing `\baselinestretch' on input line 38.


Package hyperref Warning: Token not allowed in a PDFDocEncoded string,
(hyperref)                removing `\<def>-command' on input line 38.


Package hyperref Warning: Token not allowed in a PDFDocEncoded string,
(hyperref)                removing `\<def>-command' on input line 38.


Package hyperref Warning: Token not allowed in a PDFDocEncoded string,
(hyperref)                removing `\font@name' on input line 38.


Package hyperref Warning: Token not allowed in a PDFDocEncoded string,
(hyperref)                removing `\OT1/cmtt/m/n/5' on input line 38.


Package hyperref Warning: Token not allowed in a PDFDocEncoded string,
(hyperref)                removing `math shift' on input line 38.


Package hyperref Warning: Token not allowed in a PDFDocEncoded string,
(hyperref)                removing `\mathsurround' on input line 45.


Package hyperref Warning: Token not allowed in a PDFDocEncoded string,
(hyperref)                removing `\z@' on input line 45.


Package hyperref Warning: Token not allowed in a PDFDocEncoded string,
(hyperref)                removing `math shift' on input line 45.


Package hyperref Warning: Token not allowed in a PDFDocEncoded string,
(hyperref)                removing `superscript' on input line 45.


Package hyperref Warning: Token not allowed in a PDFDocEncoded string,
(hyperref)                removing `\afterassignment' on input line 45.


Package hyperref Warning: Token not allowed in a PDFDocEncoded string,
(hyperref)                removing `\<def>-command' on input line 45.


Package hyperref Warning: Token not allowed in a PDFDocEncoded string,
(hyperref)                removing `\f@size' on input line 45.


Package hyperref Warning: Token not allowed in a PDFDocEncoded string,
(hyperref)                removing `\afterassignment' on input line 45.


Package hyperref Warning: Token not allowed in a PDFDocEncoded string,
(hyperref)                removing `\<def>-command' on input line 45.


Package hyperref Warning: Token not allowed in a PDFDocEncoded string,
(hyperref)                removing `\f@baselineskip' on input line 45.


Package hyperref Warning: Token not allowed in a PDFDocEncoded string,
(hyperref)                removing `\<def>-command' on input line 45.


Package hyperref Warning: Token not allowed in a PDFDocEncoded string,
(hyperref)                removing `\f@linespread' on input line 45.


Package hyperref Warning: Token not allowed in a PDFDocEncoded string,
(hyperref)                removing `\<let>-command' on input line 45.


Package hyperref Warning: Token not allowed in a PDFDocEncoded string,
(hyperref)                removing `\baselinestretch' on input line 45.


Package hyperref Warning: Token not allowed in a PDFDocEncoded string,
(hyperref)                removing `\<def>-command' on input line 45.


Package hyperref Warning: Token not allowed in a PDFDocEncoded string,
(hyperref)                removing `\<def>-command' on input line 45.


Package hyperref Warning: Token not allowed in a PDFDocEncoded string,
(hyperref)                removing `\font@name' on input line 45.


Package hyperref Warning: Token not allowed in a PDFDocEncoded string,
(hyperref)                removing `\OT1/cmtt/m/n/7' on input line 45.


Package hyperref Warning: Token not allowed in a PDFDocEncoded string,
(hyperref)                removing `math shift' on input line 45.


Underfull \vbox (badness 1490) has occurred while \output is active []

 [21]
Underfull \hbox (badness 10000) in paragraph at lines 105--106

 []


Underfull \hbox (badness 10000) in paragraph at lines 107--125

 []


Underfull \hbox (badness 10000) in paragraph at lines 107--125

 []


Underfull \hbox (badness 10000) in paragraph at lines 107--125

 []

[22]
Package hyperref Info: bookmark level for unknown lstlisting defaults to 0 on i
nput line 152.
LaTeX Font Info:    Font shape `OMS/cmr/m/it' in size <8> not available
(Font)              Font shape `OMS/cmsy/m/n' tried instead on input line 154.
LaTeX Font Info:    Font shape `OMS/cmr/m/n' in size <8> not available
(Font)              Font shape `OMS/cmsy/m/n' tried instead on input line 204.
 [23]
Underfull \hbox (badness 10000) in paragraph at lines 268--278

 []

[24] [25]

LaTeX Warning: Reference `sec:doc:string' on page 26 undefined on input line 39
9.

[26] [27]
LaTeX Font Info:    Font shape `OT1/cmtt/bx/n' in size <10> not available
(Font)              Font shape `OT1/cmtt/m/n' tried instead on input line 574.
LaTeX Font Info:    Font shape `OMS/cmr/m/n' in size <9> not available
(Font)              Font shape `OMS/cmsy/m/n' tried instead on input line 586.

Underfull \hbox (badness 10000) in paragraph at lines 608--613

 []


Underfull \hbox (badness 10000) in paragraph at lines 608--613

 []

[28]
Underfull \hbox (badness 10000) in paragraph at lines 614--619

 []


Underfull \hbox (badness 10000) in paragraph at lines 666--670

 []

[29]
Underfull \hbox (badness 10000) in paragraph at lines 717--734

 []


Underfull \hbox (badness 10000) in paragraph at lines 734--737

 []

[30]
(fREEDA_pgmman_blob.eps
)

LaTeX Warning: `h' float specifier changed to `ht'.

[31] [32]
Underfull \hbox (badness 10000) in paragraph at lines 953--966

 []

[33]
Underfull \hbox (badness 10000) in paragraph at lines 979--985

 []

LaTeX Font Info:    Try loading font information for OML+cmr on input line 985.

("C:\Program Files\MiKTeX 2.5\tex\latex\base\omlcmr.fd"
File: omlcmr.fd 1999/05/25 v2.5h Standard LaTeX font definitions
)
LaTeX Font Info:    Font shape `OML/cmr/bx/n' in size <9> not available
(Font)              Font shape `OML/cmm/b/it' tried instead on input line 985.

("C:\Program Files\MiKTeX 2.5\tex\latex\listings\lstlang1.sty"
File: lstlang1.sty 2004/09/05 1.3 listings language file
)
LaTeX Font Info:    Font shape `OML/cmr/m/n' in size <8> not available
(Font)              Font shape `OML/cmm/m/it' tried instead on input line 996.

Underfull \hbox (badness 10000) in paragraph at lines 1004--1012

 []

[34]
LaTeX Font Info:    Font shape `OT1/cmtt/bx/n' in size <12> not available
(Font)              Font shape `OT1/cmtt/m/n' tried instead on input line 1060.

LaTeX Font Info:    Font shape `OML/cmr/m/n' in size <9> not available
(Font)              Font shape `OML/cmm/m/it' tried instead on input line 1093.



Package hyperref Warning: Token not allowed in a PDFDocEncoded string,
(hyperref)                removing `\mathsurround' on input line 1095.


Package hyperref Warning: Token not allowed in a PDFDocEncoded string,
(hyperref)                removing `\z@' on input line 1095.


Package hyperref Warning: Token not allowed in a PDFDocEncoded string,
(hyperref)                removing `math shift' on input line 1095.


Package hyperref Warning: Token not allowed in a PDFDocEncoded string,
(hyperref)                removing `superscript' on input line 1095.


Package hyperref Warning: Token not allowed in a PDFDocEncoded string,
(hyperref)                removing `\afterassignment' on input line 1095.


Package hyperref Warning: Token not allowed in a PDFDocEncoded string,
(hyperref)                removing `\<def>-command' on input line 1095.


Package hyperref Warning: Token not allowed in a PDFDocEncoded string,
(hyperref)                removing `\f@size' on input line 1095.


Package hyperref Warning: Token not allowed in a PDFDocEncoded string,
(hyperref)                removing `\afterassignment' on input line 1095.


Package hyperref Warning: Token not allowed in a PDFDocEncoded string,
(hyperref)                removing `\<def>-command' on input line 1095.


Package hyperref Warning: Token not allowed in a PDFDocEncoded string,
(hyperref)                removing `\f@baselineskip' on input line 1095.


Package hyperref Warning: Token not allowed in a PDFDocEncoded string,
(hyperref)                removing `\<def>-command' on input line 1095.


Package hyperref Warning: Token not allowed in a PDFDocEncoded string,
(hyperref)                removing `\f@linespread' on input line 1095.


Package hyperref Warning: Token not allowed in a PDFDocEncoded string,
(hyperref)                removing `\<let>-command' on input line 1095.


Package hyperref Warning: Token not allowed in a PDFDocEncoded string,
(hyperref)                removing `\baselinestretch' on input line 1095.


Package hyperref Warning: Token not allowed in a PDFDocEncoded string,
(hyperref)                removing `\<def>-command' on input line 1095.


Package hyperref Warning: Token not allowed in a PDFDocEncoded string,
(hyperref)                removing `\<def>-command' on input line 1095.


Package hyperref Warning: Token not allowed in a PDFDocEncoded string,
(hyperref)                removing `\font@name' on input line 1095.


Package hyperref Warning: Token not allowed in a PDFDocEncoded string,
(hyperref)                removing `\OT1/cmtt/m/n/6' on input line 1095.


Package hyperref Warning: Token not allowed in a PDFDocEncoded string,
(hyperref)                removing `math shift' on input line 1095.

[35]
Overfull \hbox (15.18994pt too wide) in paragraph at lines 1149--1150
[][][][][][][][][][][][][][][][][][][][][][][][][][][][] 
 []


Overfull \hbox (25.39017pt too wide) in paragraph at lines 1150--1151
[][][][][][][][][][][][][][][][][][][][][][][][][] 
 []


Overfull \hbox (15.18994pt too wide) in paragraph at lines 1151--1152
[][][][][][][][][][][][][][][][] 
 []


Overfull \hbox (20.29005pt too wide) in paragraph at lines 1152--1154
[][][][][][][][][][][][][][][] 
 []

[36]
Overfull \hbox (15.18994pt too wide) in paragraph at lines 1209--1210
[][][][][][][][][][][][][][][][][][][][][][][][] 
 []


Underfull \vbox (badness 10000) has occurred while \output is active []

 [37]

Package hyperref Warning: Token not allowed in a PDFDocEncoded string,
(hyperref)                removing `\mathsurround' on input line 1271.


Package hyperref Warning: Token not allowed in a PDFDocEncoded string,
(hyperref)                removing `\z@' on input line 1271.


Package hyperref Warning: Token not allowed in a PDFDocEncoded string,
(hyperref)                removing `math shift' on input line 1271.


Package hyperref Warning: Token not allowed in a PDFDocEncoded string,
(hyperref)                removing `superscript' on input line 1271.


Package hyperref Warning: Token not allowed in a PDFDocEncoded string,
(hyperref)                removing `\afterassignment' on input line 1271.


Package hyperref Warning: Token not allowed in a PDFDocEncoded string,
(hyperref)                removing `\<def>-command' on input line 1271.


Package hyperref Warning: Token not allowed in a PDFDocEncoded string,
(hyperref)                removing `\f@size' on input line 1271.


Package hyperref Warning: Token not allowed in a PDFDocEncoded string,
(hyperref)                removing `\afterassignment' on input line 1271.


Package hyperref Warning: Token not allowed in a PDFDocEncoded string,
(hyperref)                removing `\<def>-command' on input line 1271.


Package hyperref Warning: Token not allowed in a PDFDocEncoded string,
(hyperref)                removing `\f@baselineskip' on input line 1271.


Package hyperref Warning: Token not allowed in a PDFDocEncoded string,
(hyperref)                removing `\<def>-command' on input line 1271.


Package hyperref Warning: Token not allowed in a PDFDocEncoded string,
(hyperref)                removing `\f@linespread' on input line 1271.


Package hyperref Warning: Token not allowed in a PDFDocEncoded string,
(hyperref)                removing `\<let>-command' on input line 1271.


Package hyperref Warning: Token not allowed in a PDFDocEncoded string,
(hyperref)                removing `\baselinestretch' on input line 1271.


Package hyperref Warning: Token not allowed in a PDFDocEncoded string,
(hyperref)                removing `\<def>-command' on input line 1271.


Package hyperref Warning: Token not allowed in a PDFDocEncoded string,
(hyperref)                removing `\<def>-command' on input line 1271.


Package hyperref Warning: Token not allowed in a PDFDocEncoded string,
(hyperref)                removing `\font@name' on input line 1271.


Package hyperref Warning: Token not allowed in a PDFDocEncoded string,
(hyperref)                removing `\OT1/cmtt/m/n/7' on input line 1271.


Package hyperref Warning: Token not allowed in a PDFDocEncoded string,
(hyperref)                removing `math shift' on input line 1271.

(diode.ps
)

LaTeX Warning: `h' float specifier changed to `ht'.

[38]) [39] (oobasics.tex [40



]
Appendix A.
[41]
(classdiagram_example.eps
)
[42]) [43]
No file relnotes.tex.
(support_libraries.tex [44





]
Appendix B.
[45] [46]
(newadolc.eps
)
[47]) [48] (resistort.tex
Appendix C.
[49



]
(resistorT_p1.eps
)

Overfull \hbox (36.135pt too wide) in paragraph at lines 7--11
[]
 []


Overfull \vbox (10.41025pt too high) has occurred while \output is active []


[50]
(resistorT_p2.eps
)

Overfull \hbox (36.135pt too wide) in paragraph at lines 12--13
[] 
 []


Underfull \vbox (badness 10000) has occurred while \output is active []

 [51]
Overfull \vbox (10.41025pt too high) has occurred while \output is active []


[52]
(resistorT_p2.eps
)
)
Overfull \hbox (36.135pt too wide) in paragraph at lines 14--54
[] 
 []


Overfull \vbox (10.41025pt too high) has occurred while \output is active []


[53] (bib.tex [54



] [55] [56] [57]
Underfull \hbox (badness 10000) in paragraph at lines 308--311
[][]\OT1/cmr/m/n/9 Silicon Graph-ics, \OT1/cmr/m/it/9 Stan-dard Tem-plate Li-br
ary Pro-gram-mer's Guide\OT1/cmr/m/n/9 ,
 []

[58] [59]) [60] (freeda_programmers.aux (begin_programmer.aux) (oosimfreeda.aux
) (linear_tutorial.aux) (nonlinear_tutorial.aux) (oobasics.aux) (relnotes.aux)
(support_libraries.aux) (resistort.aux) (bib.aux))

LaTeX Font Warning: Some font shapes were not available, defaults substituted.


LaTeX Warning: There were undefined references.

 ) 
Here is how much of TeX's memory you used:
 5722 strings out of 95420
 72902 string characters out of 1187323
 186417 words of memory out of 1162469
 8497 multiletter control sequences out of 60000
 25666 words of font info for 88 fonts, out of 1000000 for 2000
 14 hyphenation exceptions out of 8191
 41i,12n,67p,1106b,1703s stack positions out of 5000i,500n,10000p,200000b,32768s

Output written on freeda_programmers.dvi (64 pages, 410192 bytes).
