\BOOKMARK [0][-]{chapter.1}{fREEDA\222Architecture}{}
\BOOKMARK [1][-]{section.1.1}{Introduction}{chapter.1}
\BOOKMARK [1][-]{section.1.2}{The Network Package}{chapter.1}
\BOOKMARK [1][-]{section.1.3}{The Analysis Classes}{chapter.1}
\BOOKMARK [1][-]{section.1.4}{Nonlinear Elements}{chapter.1}
\BOOKMARK [1][-]{section.1.5}{Example: Use of Polymorphism}{chapter.1}
\BOOKMARK [1][-]{section.1.6}{Documentation}{chapter.1}
\BOOKMARK [2][-]{subsection.1.6.1}{Automatically Generated Documentation}{section.1.6}
\BOOKMARK [2][-]{subsection.1.6.2}{Enhanced Element Documentation}{section.1.6}
\BOOKMARK [1][-]{section.1.7}{Contributors}{chapter.1}
\BOOKMARK [0][-]{chapter.2}{Adding Linear Elements to fREEDA\222}{}
\BOOKMARK [1][-]{section.2.1}{The fREEDA\222Circuit Simulator}{chapter.2}
\BOOKMARK [1][-]{section.2.2}{Example: Adding a Linear Resistor}{chapter.2}
\BOOKMARK [2][-]{subsection.2.2.1}{Netlist syntax}{section.2.2}
\BOOKMARK [2][-]{subsection.2.2.2}{Class Name, Required Files, etc.}{section.2.2}
\BOOKMARK [2][-]{subsection.2.2.3}{The Header File}{section.2.2}
\BOOKMARK [2][-]{subsection.2.2.4}{The Class Source File}{section.2.2}
\BOOKMARK [2][-]{subsection.2.2.5}{Filling the Modified Nodal Admittance Matrix}{section.2.2}
\BOOKMARK [2][-]{subsection.2.2.6}{Modifications to the rest of the fREEDA\222Source Files}{section.2.2}
\BOOKMARK [1][-]{section.2.3}{Template Files for New Linear Elements}{chapter.2}
\BOOKMARK [2][-]{subsection.2.3.1}{Header File}{section.2.3}
\BOOKMARK [2][-]{subsection.2.3.2}{Class Source File}{section.2.3}
\BOOKMARK [1][-]{section.2.4}{Contributors}{chapter.2}
\BOOKMARK [0][-]{chapter.3}{Adding Nonlinear Elements to fREEDA\222}{}
\BOOKMARK [1][-]{section.3.1}{The fREEDA\222Circuit Simulator}{chapter.3}
\BOOKMARK [1][-]{section.3.2}{Example: Adding a Nonlinear Electro-Thermal Resistor}{chapter.3}
\BOOKMARK [2][-]{subsection.3.2.1}{Netlist syntax}{section.3.2}
\BOOKMARK [2][-]{subsection.3.2.2}{Class Name, Required Files, etc.}{section.3.2}
\BOOKMARK [2][-]{subsection.3.2.3}{The Header File}{section.3.2}
\BOOKMARK [2][-]{subsection.3.2.4}{The Class Source File}{section.3.2}
\BOOKMARK [2][-]{subsection.3.2.5}{Using the cout routine for debugging}{section.3.2}
\BOOKMARK [2][-]{subsection.3.2.6}{Modifications to the rest of the fREEDA\222Source Files}{section.3.2}
\BOOKMARK [2][-]{subsection.3.2.7}{Header File}{section.3.2}
\BOOKMARK [2][-]{subsection.3.2.8}{Class Source File}{section.3.2}
\BOOKMARK [1][-]{section.3.3}{A Note on the Eval Routines in fREEDA\222}{chapter.3}
\BOOKMARK [2][-]{subsection.3.3.1}{Parameterized Device Models}{section.3.3}
\BOOKMARK [1][-]{section.3.4}{Contributors}{chapter.3}
\BOOKMARK [0][-]{appendix.A}{Object Oriented Programming Basics}{}
\BOOKMARK [1][-]{section.A.1}{UML diagrams}{appendix.A}
\BOOKMARK [2][-]{subsection.A.1.1}{Collaboration Diagrams}{section.A.1}
\BOOKMARK [1][-]{section.A.2}{Contributors}{appendix.A}
\BOOKMARK [0][-]{appendix.B}{Support Libraries}{}
\BOOKMARK [1][-]{section.B.1}{Solution of Sparse Linear Systems \(Sparse, SuperLU\)}{appendix.B}
\BOOKMARK [1][-]{section.B.2}{Vectors and Matrices \(MV++, MTL\)}{appendix.B}
\BOOKMARK [1][-]{section.B.3}{Solution of Nonlinear Systems \(NNES\)}{appendix.B}
\BOOKMARK [1][-]{section.B.4}{Fourier Transform \(FFTW\)}{appendix.B}
\BOOKMARK [1][-]{section.B.5}{Automatic Differentiation \(Adol-C\)}{appendix.B}
\BOOKMARK [1][-]{section.B.6}{Contributors}{appendix.B}
\BOOKMARK [0][-]{appendix.C}{Thermal Resistor}{}
\BOOKMARK [0][-]{appendix.C}{References}{}
